Using pre-set license
Built from '2020.3/staging' branch; Version is '2020.3.26f1 (7298b473bc1a) revision 7510196'; Using compiler version '192528614'; Build Type 'Release'
OS: 'Windows 8.1  (6.3.0) 64bit Professional' Language: 'es' Physical Memory: 3894 MB
BatchMode: 1, IsHumanControllingUs: 0, StartBugReporterOnCrash: 0, Is64bit: 1, IsPro: 0

COMMAND LINE ARGUMENTS:
C:\Program Files\Unity 2020.3.26f1\Editor\Unity.exe
-adb2
-batchMode
-noUpm
-name
AssetImportWorker1
-projectPath
C:/Users/dell/Documents/QuintoSemestre/InteracciónHumanoComputadora/Práctica#3
-logFile
Logs/AssetImportWorker1.log
-srvPort
59312
Successfully changed project path to: C:/Users/dell/Documents/QuintoSemestre/InteracciónHumanoComputadora/Práctica#3
C:/Users/dell/Documents/QuintoSemestre/InteracciónHumanoComputadora/Práctica#3
Using Asset Import Pipeline V2.
Refreshing native plugins compatible for Editor in 690.82 ms, found 2 plugins.
Preloading 0 native plugins for Editor in 0.00 ms.
Initialize engine version: 2020.3.26f1 (7298b473bc1a)
[Subsystems] Discovering subsystems at path C:/Program Files/Unity 2020.3.26f1/Editor/Data/Resources/UnitySubsystems
[Subsystems] Discovering subsystems at path C:/Users/dell/Documents/QuintoSemestre/InteracciónHumanoComputadora/Práctica#3/Assets
GfxDevice: creating device client; threaded=0
d3d11: QueryInterface(IDXGIFactory5) failed (80004002).
Direct3D:
    Version:  Direct3D 11.0 [level 10.0]
    Renderer: Intel(R) HD Graphics (ID=0x46)
    Vendor:   
    VRAM:     1632 MB
    Driver:   8.15.10.2900
Initialize mono
Mono path[0] = 'C:/Program Files/Unity 2020.3.26f1/Editor/Data/Managed'
Mono path[1] = 'C:/Program Files/Unity 2020.3.26f1/Editor/Data/MonoBleedingEdge/lib/mono/unityjit'
Mono config path = 'C:/Program Files/Unity 2020.3.26f1/Editor/Data/MonoBleedingEdge/etc'
Using monoOptions --debugger-agent=transport=dt_socket,embedding=1,server=y,suspend=n,address=127.0.0.1:56772
Begin MonoManager ReloadAssembly
Registering precompiled unity dll's ...
Register platform support module: C:/Program Files/Unity 2020.3.26f1/Editor/Data/PlaybackEngines/WindowsStandaloneSupport/UnityEditor.WindowsStandalone.Extensions.dll
Registered in 0.013209 seconds.
Native extension for WindowsStandalone target not found
Refreshing native plugins compatible for Editor in 553.51 ms, found 2 plugins.
Preloading 0 native plugins for Editor in 0.00 ms.
Mono: successfully reloaded assembly
- Completed reload, in  6.690 seconds
Domain Reload Profiling:
	ReloadAssembly (6691ms)
		BeginReloadAssembly (486ms)
			ExecutionOrderSort (0ms)
			DisableScriptedObjects (0ms)
			BackupInstance (0ms)
			ReleaseScriptingObjects (0ms)
			CreateAndSetChildDomain (7ms)
		EndReloadAssembly (5455ms)
			LoadAssemblies (471ms)
			RebuildTransferFunctionScriptingTraits (1ms)
			SetupTypeCache (1819ms)
			ReleaseScriptCaches (0ms)
			RebuildScriptCaches (315ms)
			SetupLoadedEditorAssemblies (2318ms)
				LogAssemblyErrors (0ms)
				InitializePlatformSupportModulesInManaged (35ms)
				SetLoadedEditorAssemblies (2ms)
				RefreshPlugins (554ms)
				BeforeProcessingInitializeOnLoad (158ms)
				ProcessInitializeOnLoadAttributes (1285ms)
				ProcessInitializeOnLoadMethodAttributes (283ms)
				AfterProcessingInitializeOnLoad (0ms)
				EditorAssembliesLoaded (2ms)
			ExecutionOrderSort2 (0ms)
			AwakeInstancesAfterBackupRestoration (0ms)
Platform modules already initialized, skipping
Registering precompiled user dll's ...
Registered in 0.031472 seconds.
Begin MonoManager ReloadAssembly
Native extension for WindowsStandalone target not found
Refreshing native plugins compatible for Editor in 4.65 ms, found 2 plugins.
Preloading 0 native plugins for Editor in 0.00 ms.
Mono: successfully reloaded assembly
- Completed reload, in 12.496 seconds
Domain Reload Profiling:
	ReloadAssembly (12502ms)
		BeginReloadAssembly (1524ms)
			ExecutionOrderSort (0ms)
			DisableScriptedObjects (47ms)
			BackupInstance (0ms)
			ReleaseScriptingObjects (0ms)
			CreateAndSetChildDomain (169ms)
		EndReloadAssembly (10319ms)
			LoadAssemblies (909ms)
			RebuildTransferFunctionScriptingTraits (0ms)
			SetupTypeCache (3521ms)
			ReleaseScriptCaches (3ms)
			RebuildScriptCaches (493ms)
			SetupLoadedEditorAssemblies (3959ms)
				LogAssemblyErrors (0ms)
				InitializePlatformSupportModulesInManaged (96ms)
				SetLoadedEditorAssemblies (6ms)
				RefreshPlugins (5ms)
				BeforeProcessingInitializeOnLoad (1299ms)
				ProcessInitializeOnLoadAttributes (2395ms)
				ProcessInitializeOnLoadMethodAttributes (88ms)
				AfterProcessingInitializeOnLoad (67ms)
				EditorAssembliesLoaded (2ms)
			ExecutionOrderSort2 (0ms)
			AwakeInstancesAfterBackupRestoration (76ms)
Platform modules already initialized, skipping
========================================================================
Worker process is ready to serve import requests
Launched and connected shader compiler UnityShaderCompiler.exe after 0.13 seconds
Refreshing native plugins compatible for Editor in 3.84 ms, found 2 plugins.
Preloading 0 native plugins for Editor in 0.00 ms.
Unloading 1645 Unused Serialized files (Serialized files now loaded: 0)
System memory in use before: 75.2 MB.
System memory in use after: 75.3 MB.

Unloading 20 unused Assets to reduce memory usage. Loaded Objects now: 2078.
Total: 53.738127 ms (FindLiveObjects: 3.920736 ms CreateObjectMapping: 6.299807 ms MarkObjects: 42.891227 ms  DeleteObjects: 0.620470 ms)

AssetImportParameters requested are different than current active one (requested -> active):
  custom:framework-win-MediaFoundation: 216162199b28c13a410421893ffa2e32 -> 
  custom:video-decoder-ogg-theora: a1e56fd34408186e4bbccfd4996cb3dc -> 
  custom:container-muxer-webm: aa71ff27fc2769a1b78a27578f13a17b -> 
  custom:container-demuxer-webm: 4f35f7cbe854078d1ac9338744f61a02 -> 
  custom:container-demuxer-ogg: 62fdf1f143b41e24485cea50d1cbac27 -> 
  custom:video-encoder-webm-vp8: eb34c28f22e8b96e1ab97ce403110664 -> 
  custom:video-decoder-webm-vp8: 9c59270c3fd7afecdb556c50c9e8de78 -> 
  custom:audio-decoder-ogg-vorbis: bf7c407c2cedff20999df2af8eb42d56 -> 
  custom:audio-encoder-webm-vorbis: bf7c407c2cedff20999df2af8eb42d56 -> 
========================================================================
Received Import Request.
  path: Assets/Samples/Google Cardboard XR Plugin for Unity/1.13.0/Hello Cardboard/Textures/Icosahedron_Blue_BakedDiffuse.png
  artifactKey: Guid(20df56dbf584b430da1c71ced37866f6) Importer(815301076,1909f56bfc062723c751e8b465ee728b)
Start importing Assets/Samples/Google Cardboard XR Plugin for Unity/1.13.0/Hello Cardboard/Textures/Icosahedron_Blue_BakedDiffuse.png using Guid(20df56dbf584b430da1c71ced37866f6) Importer(815301076,1909f56bfc062723c751e8b465ee728b)  -> (artifact id: '7e7804e442d045c6eadd3d63e6af2339') in 2.026775 seconds 
  Import took 2.058422 seconds .

========================================================================
Received Import Request.
  Time since last request: 0.001250 seconds.
  path: Assets/Samples/Google Cardboard XR Plugin for Unity/1.13.0/Hello Cardboard/Textures/QuadSphere_Pink_BakedDiffuse.png
  artifactKey: Guid(c50d4290154a549c28cd80199471f9ea) Importer(815301076,1909f56bfc062723c751e8b465ee728b)
Start importing Assets/Samples/Google Cardboard XR Plugin for Unity/1.13.0/Hello Cardboard/Textures/QuadSphere_Pink_BakedDiffuse.png using Guid(c50d4290154a549c28cd80199471f9ea) Importer(815301076,1909f56bfc062723c751e8b465ee728b)  -> (artifact id: 'c6edaa64f337990f752ee57737598df7') in 0.166546 seconds 
  Import took 0.222660 seconds .

========================================================================
Received Import Request.
  Time since last request: 0.001128 seconds.
  path: Assets/Samples/Google Cardboard XR Plugin for Unity/1.13.0/Hello Cardboard/Textures/TriSphere_Blue_BakedDiffuse.png
  artifactKey: Guid(ce4a1a00714294255b95526bab0d31b7) Importer(815301076,1909f56bfc062723c751e8b465ee728b)
Start importing Assets/Samples/Google Cardboard XR Plugin for Unity/1.13.0/Hello Cardboard/Textures/TriSphere_Blue_BakedDiffuse.png using Guid(ce4a1a00714294255b95526bab0d31b7) Importer(815301076,1909f56bfc062723c751e8b465ee728b)  -> (artifact id: 'aafbd34fe523cd2a7598f153774fb4d4') in 0.139976 seconds 
  Import took 0.203688 seconds .

========================================================================
Received Import Request.
  Time since last request: 0.001248 seconds.
  path: Assets/Samples/Google Cardboard XR Plugin for Unity/1.13.0/Hello Cardboard/Textures/QuadSphere_Blue_BakedDiffuse.png
  artifactKey: Guid(7070b26d96eaa49b49d850490d6af291) Importer(815301076,1909f56bfc062723c751e8b465ee728b)
Start importing Assets/Samples/Google Cardboard XR Plugin for Unity/1.13.0/Hello Cardboard/Textures/QuadSphere_Blue_BakedDiffuse.png using Guid(7070b26d96eaa49b49d850490d6af291) Importer(815301076,1909f56bfc062723c751e8b465ee728b)  -> (artifact id: 'f3713b78dfa3336ee389ac48f1656e5c') in 0.213326 seconds 
  Import took 0.230635 seconds .

========================================================================
Received Import Request.
  Time since last request: 0.001265 seconds.
  path: Assets/Samples/Google Cardboard XR Plugin for Unity/1.13.0/Hello Cardboard/Textures/TriSphere_Pink_BakedDiffuse.png
  artifactKey: Guid(d8ab1240b87c44144a6a89c3123c7654) Importer(815301076,1909f56bfc062723c751e8b465ee728b)
Start importing Assets/Samples/Google Cardboard XR Plugin for Unity/1.13.0/Hello Cardboard/Textures/TriSphere_Pink_BakedDiffuse.png using Guid(d8ab1240b87c44144a6a89c3123c7654) Importer(815301076,1909f56bfc062723c751e8b465ee728b)  -> (artifact id: '4da07d1b738625eb0d93e8da369600cc') in 0.179071 seconds 
  Import took 0.239423 seconds .

========================================================================
Received Import Request.
  Time since last request: 0.001270 seconds.
  path: Assets/Samples/Google Cardboard XR Plugin for Unity/1.13.0/Hello Cardboard/Textures/Icosahedron_Pink_BakedDiffuse.png
  artifactKey: Guid(156c229a982b84470938f1e4aa02ab43) Importer(815301076,1909f56bfc062723c751e8b465ee728b)
Start importing Assets/Samples/Google Cardboard XR Plugin for Unity/1.13.0/Hello Cardboard/Textures/Icosahedron_Pink_BakedDiffuse.png using Guid(156c229a982b84470938f1e4aa02ab43) Importer(815301076,1909f56bfc062723c751e8b465ee728b)  -> (artifact id: '5cd230709ce3cbaec379cca8339b0d64') in 0.141712 seconds 
  Import took 0.543819 seconds .

========================================================================
Received Prepare
Registering precompiled user dll's ...
Registered in 0.034133 seconds.
Begin MonoManager ReloadAssembly
Native extension for WindowsStandalone target not found
Refreshing native plugins compatible for Editor in 3.85 ms, found 2 plugins.
Preloading 0 native plugins for Editor in 0.00 ms.
Mono: successfully reloaded assembly
- Completed reload, in 14.720 seconds
Domain Reload Profiling:
	ReloadAssembly (14726ms)
		BeginReloadAssembly (1493ms)
			ExecutionOrderSort (0ms)
			DisableScriptedObjects (62ms)
			BackupInstance (0ms)
			ReleaseScriptingObjects (0ms)
			CreateAndSetChildDomain (491ms)
		EndReloadAssembly (12081ms)
			LoadAssemblies (1225ms)
			RebuildTransferFunctionScriptingTraits (1ms)
			SetupTypeCache (5413ms)
			ReleaseScriptCaches (8ms)
			RebuildScriptCaches (794ms)
			SetupLoadedEditorAssemblies (3057ms)
				LogAssemblyErrors (0ms)
				InitializePlatformSupportModulesInManaged (41ms)
				SetLoadedEditorAssemblies (5ms)
				RefreshPlugins (4ms)
				BeforeProcessingInitializeOnLoad (927ms)
				ProcessInitializeOnLoadAttributes (1965ms)
				ProcessInitializeOnLoadMethodAttributes (81ms)
				AfterProcessingInitializeOnLoad (31ms)
				EditorAssembliesLoaded (2ms)
			ExecutionOrderSort2 (0ms)
			AwakeInstancesAfterBackupRestoration (76ms)
Platform modules already initialized, skipping
Switching build target platform(19) subTarget(0) extendedPlatform(0) -> platform(13) subTarget(589824) extendedPlatform(0)
Refreshing native plugins compatible for Editor in 2.76 ms, found 2 plugins.
Preloading 0 native plugins for Editor in 0.00 ms.
Unloading 1625 Unused Serialized files (Serialized files now loaded: 0)
System memory in use before: 73.6 MB.
System memory in use after: 73.7 MB.

Unloading 15 unused Assets to reduce memory usage. Loaded Objects now: 2083.
Total: 21.051139 ms (FindLiveObjects: 0.806611 ms CreateObjectMapping: 0.473731 ms MarkObjects: 19.663914 ms  DeleteObjects: 0.102808 ms)

AssetImportParameters requested are different than current active one (requested -> active):
  custom:framework-win-MediaFoundation: 216162199b28c13a410421893ffa2e32 -> 
  custom:video-decoder-ogg-theora: a1e56fd34408186e4bbccfd4996cb3dc -> 
  custom:container-muxer-webm: aa71ff27fc2769a1b78a27578f13a17b -> 
  custom:container-demuxer-webm: 4f35f7cbe854078d1ac9338744f61a02 -> 
  custom:container-demuxer-ogg: 62fdf1f143b41e24485cea50d1cbac27 -> 
  custom:video-encoder-webm-vp8: eb34c28f22e8b96e1ab97ce403110664 -> 
  custom:video-decoder-webm-vp8: 9c59270c3fd7afecdb556c50c9e8de78 -> 
  custom:graphics/normal-map-encoding: 01000000000000000000000000000000 -> 02000000000000000000000000000000
  custom:audio-decoder-ogg-vorbis: bf7c407c2cedff20999df2af8eb42d56 -> 
  custom:audio-encoder-webm-vorbis: bf7c407c2cedff20999df2af8eb42d56 -> 
========================================================================
Received Import Request.
  Time since last request: 433.806422 seconds.
  path: Assets/Samples/Google Cardboard XR Plugin for Unity/1.13.0/Hello Cardboard/Scripts/CameraPointer.cs
  artifactKey: Guid(aebfb4b86b2e54606894da54f755db2d) Importer(815301076,1909f56bfc062723c751e8b465ee728b)
Start importing Assets/Samples/Google Cardboard XR Plugin for Unity/1.13.0/Hello Cardboard/Scripts/CameraPointer.cs using Guid(aebfb4b86b2e54606894da54f755db2d) Importer(815301076,1909f56bfc062723c751e8b465ee728b)  -> (artifact id: '0f9151d52a7edfd7aaecf8a933a1076e') in 0.896931 seconds 
  Import took 0.941573 seconds .

========================================================================
Received Import Request.
  Time since last request: 2206.714604 seconds.
  path: Assets/Samples/Google Cardboard XR Plugin for Unity/1.13.0/Hello Cardboard/Scripts/ObjectController.cs
  artifactKey: Guid(fb0fad8e3b2754aaeb18724ea18d2a3e) Importer(815301076,1909f56bfc062723c751e8b465ee728b)
Start importing Assets/Samples/Google Cardboard XR Plugin for Unity/1.13.0/Hello Cardboard/Scripts/ObjectController.cs using Guid(fb0fad8e3b2754aaeb18724ea18d2a3e) Importer(815301076,1909f56bfc062723c751e8b465ee728b)  -> (artifact id: 'f6647821c4d27c30580390604c506783') in 1.887944 seconds 
  Import took 15.297716 seconds .

========================================================================
Received Prepare
Registering precompiled user dll's ...
Registered in 0.269979 seconds.
Begin MonoManager ReloadAssembly
Native extension for WindowsStandalone target not found
Refreshing native plugins compatible for Editor in 4.93 ms, found 2 plugins.
Preloading 0 native plugins for Editor in 0.00 ms.
Mono: successfully reloaded assembly
- Completed reload, in 57.883 seconds
Domain Reload Profiling:
	ReloadAssembly (58974ms)
		BeginReloadAssembly (34274ms)
			ExecutionOrderSort (0ms)
			DisableScriptedObjects (4335ms)
			BackupInstance (0ms)
			ReleaseScriptingObjects (1ms)
			CreateAndSetChildDomain (21588ms)
		EndReloadAssembly (21815ms)
			LoadAssemblies (3031ms)
			RebuildTransferFunctionScriptingTraits (33ms)
			SetupTypeCache (7723ms)
			ReleaseScriptCaches (9ms)
			RebuildScriptCaches (886ms)
			SetupLoadedEditorAssemblies (7375ms)
				LogAssemblyErrors (0ms)
				InitializePlatformSupportModulesInManaged (179ms)
				SetLoadedEditorAssemblies (57ms)
				RefreshPlugins (6ms)
				BeforeProcessingInitializeOnLoad (2363ms)
				ProcessInitializeOnLoadAttributes (4539ms)
				ProcessInitializeOnLoadMethodAttributes (154ms)
				AfterProcessingInitializeOnLoad (70ms)
				EditorAssembliesLoaded (7ms)
			ExecutionOrderSort2 (0ms)
			AwakeInstancesAfterBackupRestoration (116ms)
Platform modules already initialized, skipping
Switching build target platform(19) subTarget(0) extendedPlatform(0) -> platform(13) subTarget(589824) extendedPlatform(0)
Refreshing native plugins compatible for Editor in 4.74 ms, found 2 plugins.
Preloading 0 native plugins for Editor in 0.00 ms.
Unloading 1625 Unused Serialized files (Serialized files now loaded: 0)
System memory in use before: 73.6 MB.
System memory in use after: 73.7 MB.

Unloading 15 unused Assets to reduce memory usage. Loaded Objects now: 2086.
Total: 252.530340 ms (FindLiveObjects: 1.061139 ms CreateObjectMapping: 0.460144 ms MarkObjects: 250.764944 ms  DeleteObjects: 0.236866 ms)

AssetImportParameters requested are different than current active one (requested -> active):
  custom:framework-win-MediaFoundation: 216162199b28c13a410421893ffa2e32 -> 
  custom:video-decoder-ogg-theora: a1e56fd34408186e4bbccfd4996cb3dc -> 
  custom:container-muxer-webm: aa71ff27fc2769a1b78a27578f13a17b -> 
  custom:container-demuxer-webm: 4f35f7cbe854078d1ac9338744f61a02 -> 
  custom:container-demuxer-ogg: 62fdf1f143b41e24485cea50d1cbac27 -> 
  custom:video-encoder-webm-vp8: eb34c28f22e8b96e1ab97ce403110664 -> 
  custom:video-decoder-webm-vp8: 9c59270c3fd7afecdb556c50c9e8de78 -> 
  custom:graphics/normal-map-encoding: 01000000000000000000000000000000 -> 02000000000000000000000000000000
  custom:audio-decoder-ogg-vorbis: bf7c407c2cedff20999df2af8eb42d56 -> 
  custom:audio-encoder-webm-vorbis: bf7c407c2cedff20999df2af8eb42d56 -> 
========================================================================
Received Prepare
Registering precompiled user dll's ...
Registered in 0.138140 seconds.
Begin MonoManager ReloadAssembly
Native extension for WindowsStandalone target not found
Refreshing native plugins compatible for Editor in 5.17 ms, found 2 plugins.
Preloading 0 native plugins for Editor in 0.00 ms.
Mono: successfully reloaded assembly
- Completed reload, in 14.647 seconds
Domain Reload Profiling:
	ReloadAssembly (14651ms)
		BeginReloadAssembly (1453ms)
			ExecutionOrderSort (0ms)
			DisableScriptedObjects (70ms)
			BackupInstance (0ms)
			ReleaseScriptingObjects (0ms)
			CreateAndSetChildDomain (358ms)
		EndReloadAssembly (12582ms)
			LoadAssemblies (1645ms)
			RebuildTransferFunctionScriptingTraits (0ms)
			SetupTypeCache (4461ms)
			ReleaseScriptCaches (10ms)
			RebuildScriptCaches (650ms)
			SetupLoadedEditorAssemblies (4263ms)
				LogAssemblyErrors (0ms)
				InitializePlatformSupportModulesInManaged (49ms)
				SetLoadedEditorAssemblies (6ms)
				RefreshPlugins (6ms)
				BeforeProcessingInitializeOnLoad (1228ms)
				ProcessInitializeOnLoadAttributes (2828ms)
				ProcessInitializeOnLoadMethodAttributes (104ms)
				AfterProcessingInitializeOnLoad (40ms)
				EditorAssembliesLoaded (3ms)
			ExecutionOrderSort2 (0ms)
			AwakeInstancesAfterBackupRestoration (90ms)
Platform modules already initialized, skipping
Switching build target platform(19) subTarget(0) extendedPlatform(0) -> platform(13) subTarget(589824) extendedPlatform(0)
Refreshing native plugins compatible for Editor in 16.12 ms, found 2 plugins.
Preloading 0 native plugins for Editor in 0.00 ms.
Unloading 1625 Unused Serialized files (Serialized files now loaded: 0)
System memory in use before: 73.6 MB.
System memory in use after: 73.8 MB.

Unloading 15 unused Assets to reduce memory usage. Loaded Objects now: 2089.
Total: 35.539338 ms (FindLiveObjects: 2.690665 ms CreateObjectMapping: 0.784419 ms MarkObjects: 31.930649 ms  DeleteObjects: 0.126358 ms)

AssetImportParameters requested are different than current active one (requested -> active):
  custom:framework-win-MediaFoundation: 216162199b28c13a410421893ffa2e32 -> 
  custom:video-decoder-ogg-theora: a1e56fd34408186e4bbccfd4996cb3dc -> 
  custom:container-muxer-webm: aa71ff27fc2769a1b78a27578f13a17b -> 
  custom:container-demuxer-webm: 4f35f7cbe854078d1ac9338744f61a02 -> 
  custom:container-demuxer-ogg: 62fdf1f143b41e24485cea50d1cbac27 -> 
  custom:video-encoder-webm-vp8: eb34c28f22e8b96e1ab97ce403110664 -> 
  custom:video-decoder-webm-vp8: 9c59270c3fd7afecdb556c50c9e8de78 -> 
  custom:graphics/normal-map-encoding: 01000000000000000000000000000000 -> 02000000000000000000000000000000
  custom:audio-decoder-ogg-vorbis: bf7c407c2cedff20999df2af8eb42d56 -> 
  custom:audio-encoder-webm-vorbis: bf7c407c2cedff20999df2af8eb42d56 -> 
========================================================================
Received Prepare
Registering precompiled user dll's ...
Registered in 0.036730 seconds.
Begin MonoManager ReloadAssembly
Native extension for WindowsStandalone target not found
Refreshing native plugins compatible for Editor in 3.97 ms, found 2 plugins.
Preloading 0 native plugins for Editor in 0.00 ms.
Mono: successfully reloaded assembly
- Completed reload, in 13.742 seconds
Domain Reload Profiling:
	ReloadAssembly (13749ms)
		BeginReloadAssembly (1000ms)
			ExecutionOrderSort (0ms)
			DisableScriptedObjects (55ms)
			BackupInstance (0ms)
			ReleaseScriptingObjects (0ms)
			CreateAndSetChildDomain (304ms)
		EndReloadAssembly (11951ms)
			LoadAssemblies (981ms)
			RebuildTransferFunctionScriptingTraits (0ms)
			SetupTypeCache (4447ms)
			ReleaseScriptCaches (9ms)
			RebuildScriptCaches (498ms)
			SetupLoadedEditorAssemblies (4346ms)
				LogAssemblyErrors (0ms)
				InitializePlatformSupportModulesInManaged (40ms)
				SetLoadedEditorAssemblies (5ms)
				RefreshPlugins (4ms)
				BeforeProcessingInitializeOnLoad (1367ms)
				ProcessInitializeOnLoadAttributes (2737ms)
				ProcessInitializeOnLoadMethodAttributes (130ms)
				AfterProcessingInitializeOnLoad (58ms)
				EditorAssembliesLoaded (5ms)
			ExecutionOrderSort2 (0ms)
			AwakeInstancesAfterBackupRestoration (135ms)
Platform modules already initialized, skipping
Switching build target platform(19) subTarget(0) extendedPlatform(0) -> platform(13) subTarget(589824) extendedPlatform(0)
Refreshing native plugins compatible for Editor in 4.35 ms, found 2 plugins.
Preloading 0 native plugins for Editor in 0.00 ms.
Unloading 1625 Unused Serialized files (Serialized files now loaded: 0)
System memory in use before: 73.7 MB.
System memory in use after: 73.8 MB.

Unloading 15 unused Assets to reduce memory usage. Loaded Objects now: 2092.
Total: 25.765352 ms (FindLiveObjects: 1.077444 ms CreateObjectMapping: 0.442028 ms MarkObjects: 24.115898 ms  DeleteObjects: 0.125000 ms)

AssetImportParameters requested are different than current active one (requested -> active):
  custom:framework-win-MediaFoundation: 216162199b28c13a410421893ffa2e32 -> 
  custom:video-decoder-ogg-theora: a1e56fd34408186e4bbccfd4996cb3dc -> 
  custom:container-muxer-webm: aa71ff27fc2769a1b78a27578f13a17b -> 
  custom:container-demuxer-webm: 4f35f7cbe854078d1ac9338744f61a02 -> 
  custom:container-demuxer-ogg: 62fdf1f143b41e24485cea50d1cbac27 -> 
  custom:video-encoder-webm-vp8: eb34c28f22e8b96e1ab97ce403110664 -> 
  custom:video-decoder-webm-vp8: 9c59270c3fd7afecdb556c50c9e8de78 -> 
  custom:graphics/normal-map-encoding: 01000000000000000000000000000000 -> 02000000000000000000000000000000
  custom:audio-decoder-ogg-vorbis: bf7c407c2cedff20999df2af8eb42d56 -> 
  custom:audio-encoder-webm-vorbis: bf7c407c2cedff20999df2af8eb42d56 -> 
========================================================================
Received Prepare
Registering precompiled user dll's ...
Registered in 0.040522 seconds.
Begin MonoManager ReloadAssembly
Native extension for WindowsStandalone target not found
Refreshing native plugins compatible for Editor in 3.43 ms, found 2 plugins.
Preloading 0 native plugins for Editor in 0.00 ms.
Mono: successfully reloaded assembly
- Completed reload, in 15.223 seconds
Domain Reload Profiling:
	ReloadAssembly (15228ms)
		BeginReloadAssembly (1678ms)
			ExecutionOrderSort (0ms)
			DisableScriptedObjects (82ms)
			BackupInstance (0ms)
			ReleaseScriptingObjects (0ms)
			CreateAndSetChildDomain (451ms)
		EndReloadAssembly (11705ms)
			LoadAssemblies (1621ms)
			RebuildTransferFunctionScriptingTraits (0ms)
			SetupTypeCache (4424ms)
			ReleaseScriptCaches (15ms)
			RebuildScriptCaches (693ms)
			SetupLoadedEditorAssemblies (3457ms)
				LogAssemblyErrors (0ms)
				InitializePlatformSupportModulesInManaged (36ms)
				SetLoadedEditorAssemblies (4ms)
				RefreshPlugins (4ms)
				BeforeProcessingInitializeOnLoad (821ms)
				ProcessInitializeOnLoadAttributes (2475ms)
				ProcessInitializeOnLoadMethodAttributes (79ms)
				AfterProcessingInitializeOnLoad (35ms)
				EditorAssembliesLoaded (2ms)
			ExecutionOrderSort2 (0ms)
			AwakeInstancesAfterBackupRestoration (63ms)
Platform modules already initialized, skipping
Switching build target platform(19) subTarget(0) extendedPlatform(0) -> platform(13) subTarget(589824) extendedPlatform(0)
Refreshing native plugins compatible for Editor in 4.64 ms, found 2 plugins.
Preloading 0 native plugins for Editor in 0.00 ms.
Unloading 1625 Unused Serialized files (Serialized files now loaded: 0)
System memory in use before: 73.7 MB.
System memory in use after: 73.8 MB.

Unloading 15 unused Assets to reduce memory usage. Loaded Objects now: 2095.
Total: 22.123601 ms (FindLiveObjects: 0.929799 ms CreateObjectMapping: 0.427988 ms MarkObjects: 20.626321 ms  DeleteObjects: 0.134964 ms)

AssetImportParameters requested are different than current active one (requested -> active):
  custom:framework-win-MediaFoundation: 216162199b28c13a410421893ffa2e32 -> 
  custom:video-decoder-ogg-theora: a1e56fd34408186e4bbccfd4996cb3dc -> 
  custom:container-muxer-webm: aa71ff27fc2769a1b78a27578f13a17b -> 
  custom:container-demuxer-webm: 4f35f7cbe854078d1ac9338744f61a02 -> 
  custom:container-demuxer-ogg: 62fdf1f143b41e24485cea50d1cbac27 -> 
  custom:video-encoder-webm-vp8: eb34c28f22e8b96e1ab97ce403110664 -> 
  custom:video-decoder-webm-vp8: 9c59270c3fd7afecdb556c50c9e8de78 -> 
  custom:graphics/normal-map-encoding: 01000000000000000000000000000000 -> 02000000000000000000000000000000
  custom:audio-decoder-ogg-vorbis: bf7c407c2cedff20999df2af8eb42d56 -> 
  custom:audio-encoder-webm-vorbis: bf7c407c2cedff20999df2af8eb42d56 -> 
AssetImportWorkerClient::OnTransportError - code=2 error=End of file
